This file contains any messages produced by compilers while
running configure, to aid debugging if configure makes a mistake.

It was created by id2 configure 1.1, which was
generated by GNU Autoconf 2.69.  Invocation command line was

  $ ../configure CPPFLAGS=-DDEBUG CXXFLAGS=-g -O0 -Wall CFLAGS=-ggdb3 -O0 -Wall --no-create --no-recursion

## --------- ##
## Platform. ##
## --------- ##

hostname = cj-basepc
uname -m = x86_64
uname -r = 5.6.15-arch1-1
uname -s = Linux
uname -v = #1 SMP PREEMPT Wed, 27 May 2020 23:42:26 +0000

/usr/bin/uname -p = unknown
/bin/uname -X     = unknown

/bin/arch              = unknown
/usr/bin/arch -k       = unknown
/usr/convex/getsysinfo = unknown
/usr/bin/hostinfo      = unknown
/bin/machine           = unknown
/usr/bin/oslevel       = unknown
/bin/universe          = unknown

PATH: /usr/local/sbin
PATH: /usr/local/bin
PATH: /usr/bin
PATH: /opt/cuda/bin
PATH: /usr/lib/jvm/default/bin
PATH: /usr/bin/site_perl
PATH: /usr/bin/vendor_perl
PATH: /usr/bin/core_perl
PATH: /opt/arduino
PATH: /home/cjason/github/featherduster-0.2
PATH: /home/cjason/.local/bin/tools
PATH: /home/cjason/.local/bin/
PATH: /home/cjason/.local/scripts/xlarbs
PATH: /home/cjason/.local/scripts/i3cmds
PATH: /home/cjason/.local/scripts/statusbar
PATH: /home/cjason/.local/scripts/tools
PATH: /home/cjason/.local/scripts/


## ----------- ##
## Core tests. ##
## ----------- ##

configure:2300: checking for a BSD-compatible install
configure:2368: result: /usr/bin/install -c
configure:2379: checking whether build environment is sane
configure:2434: result: yes
configure:2583: checking for a thread-safe mkdir -p
configure:2622: result: /usr/bin/mkdir -p
configure:2629: checking for gawk
configure:2645: found /usr/bin/gawk
configure:2656: result: gawk
configure:2667: checking whether make sets $(MAKE)
configure:2689: result: yes
configure:2718: checking whether make supports nested variables
configure:2735: result: yes
configure:2867: checking whether make supports the include directive
configure:2882: make -f confmf.GNU && cat confinc.out
make[1]: Entering directory '/home/cjason/prodev/id2/debug'
make[1]: Leaving directory '/home/cjason/prodev/id2/debug'
this is the am__doit target
configure:2885: $? = 0
configure:2904: result: yes (GNU style)
configure:2974: checking for gcc
configure:2990: found /usr/bin/gcc
configure:3001: result: gcc
configure:3230: checking for C compiler version
configure:3239: gcc --version >&5
gcc (GCC) 10.1.0
Copyright (C) 2020 Free Software Foundation, Inc.
This is free software; see the source for copying conditions.  There is NO
warranty; not even for MERCHANTABILITY or FITNESS FOR A PARTICULAR PURPOSE.

configure:3250: $? = 0
configure:3239: gcc -v >&5
Using built-in specs.
COLLECT_GCC=gcc
COLLECT_LTO_WRAPPER=/usr/lib/gcc/x86_64-pc-linux-gnu/10.1.0/lto-wrapper
Target: x86_64-pc-linux-gnu
Configured with: /build/gcc/src/gcc/configure --prefix=/usr --libdir=/usr/lib --libexecdir=/usr/lib --mandir=/usr/share/man --infodir=/usr/share/info --with-bugurl=https://bugs.archlinux.org/ --enable-languages=c,c++,ada,fortran,go,lto,objc,obj-c++,d --with-isl --with-linker-hash-style=gnu --with-system-zlib --enable-__cxa_atexit --enable-cet=auto --enable-checking=release --enable-clocale=gnu --enable-default-pie --enable-default-ssp --enable-gnu-indirect-function --enable-gnu-unique-object --enable-install-libiberty --enable-linker-build-id --enable-lto --enable-multilib --enable-plugin --enable-shared --enable-threads=posix --disable-libssp --disable-libstdcxx-pch --disable-libunwind-exceptions --disable-werror gdc_include_dir=/usr/include/dlang/gdc
Thread model: posix
Supported LTO compression algorithms: zlib zstd
gcc version 10.1.0 (GCC) 
configure:3250: $? = 0
configure:3239: gcc -V >&5
gcc: error: unrecognized command-line option '-V'
gcc: fatal error: no input files
compilation terminated.
configure:3250: $? = 1
configure:3239: gcc -qversion >&5
gcc: error: unrecognized command-line option '-qversion'; did you mean '--version'?
gcc: fatal error: no input files
compilation terminated.
configure:3250: $? = 1
configure:3270: checking whether the C compiler works
configure:3292: gcc -ggdb3 -O0 -Wall -DDEBUG  conftest.c  >&5
configure:3296: $? = 0
configure:3344: result: yes
configure:3347: checking for C compiler default output file name
configure:3349: result: a.out
configure:3355: checking for suffix of executables
configure:3362: gcc -o conftest -ggdb3 -O0 -Wall -DDEBUG  conftest.c  >&5
configure:3366: $? = 0
configure:3388: result: 
configure:3410: checking whether we are cross compiling
configure:3418: gcc -o conftest -ggdb3 -O0 -Wall -DDEBUG  conftest.c  >&5
configure:3422: $? = 0
configure:3429: ./conftest
configure:3433: $? = 0
configure:3421: result: no
configure:3426: checking for suffix of object files
configure:3448: gcc -c -ggdb3 -O0 -Wall -DDEBUG conftest.c >&5
configure:3452: $? = 0
configure:3473: result: o
configure:3477: checking whether we are using the GNU C compiler
configure:3496: gcc -c -ggdb3 -O0 -Wall -DDEBUG conftest.c >&5
configure:3496: $? = 0
configure:3505: result: yes
configure:3514: checking whether gcc accepts -g
configure:3534: gcc -c -g -DDEBUG conftest.c >&5
configure:3534: $? = 0
configure:3575: result: yes
configure:3592: checking for gcc option to accept ISO C89
configure:3655: gcc  -c -ggdb3 -O0 -Wall -DDEBUG conftest.c >&5
configure:3655: $? = 0
configure:3668: result: none needed
configure:3693: checking whether gcc understands -c and -o together
configure:3715: gcc -c conftest.c -o conftest2.o
configure:3718: $? = 0
configure:3715: gcc -c conftest.c -o conftest2.o
configure:3718: $? = 0
configure:3730: result: yes
configure:3749: checking dependency style of gcc
configure:3860: result: gcc3
configure:3925: checking for ar
configure:3941: found /usr/bin/ar
configure:3952: result: ar
configure:3978: checking the archiver (ar) interface
configure:3994: gcc -c -ggdb3 -O0 -Wall -DDEBUG conftest.c >&5
configure:3994: $? = 0
configure:3996: ar cru libconftest.a conftest.o >&5
ar: `u' modifier ignored since `D' is the default (see `U')
configure:3999: $? = 0
configure:3998: result: ar
configure:4047: checking build system type
configure:4061: result: x86_64-pc-linux-gnu
configure:4081: checking host system type
configure:4094: result: x86_64-pc-linux-gnu
configure:4135: checking how to print strings
configure:4162: result: printf
configure:4183: checking for a sed that does not truncate output
configure:4247: result: /usr/bin/sed
configure:4265: checking for grep that handles long lines and -e
configure:4323: result: /usr/bin/grep
configure:4328: checking for egrep
configure:4390: result: /usr/bin/grep -E
configure:4395: checking for fgrep
configure:4457: result: /usr/bin/grep -F
configure:4492: checking for ld used by gcc
configure:4559: result: /usr/bin/ld
configure:4566: checking if the linker (/usr/bin/ld) is GNU ld
configure:4581: result: yes
configure:4593: checking for BSD- or MS-compatible name lister (nm)
configure:4647: result: /usr/bin/nm -B
configure:4777: checking the name lister (/usr/bin/nm -B) interface
configure:4784: gcc -c -ggdb3 -O0 -Wall -DDEBUG conftest.c >&5
configure:4787: /usr/bin/nm -B "conftest.o"
configure:4790: output
0000000000000000 B some_variable
0000000000000000 n wm4.0.0c1c30165283c021fda31267a84f6a16
0000000000000000 n wm4.stdcpredef.h.19.8dc41bed5d9037ff9622e015fb5f0ce3
configure:4791: result: BSD nm
configure:4794: checking whether ln -s works
configure:4798: result: yes
configure:4806: checking the maximum length of command line arguments
configure:4937: result: 1572864
configure:4985: checking how to convert x86_64-pc-linux-gnu file names to x86_64-pc-linux-gnu format
configure:5025: result: func_convert_file_noop
configure:5032: checking how to convert x86_64-pc-linux-gnu file names to toolchain format
configure:5052: result: func_convert_file_noop
configure:5059: checking for /usr/bin/ld option to reload object files
configure:5066: result: -r
configure:5140: checking for objdump
configure:5156: found /usr/bin/objdump
configure:5167: result: objdump
configure:5199: checking how to recognize dependent libraries
configure:5399: result: pass_all
configure:5484: checking for dlltool
configure:5514: result: no
configure:5544: checking how to associate runtime and link libraries
configure:5571: result: printf %s\n
configure:5711: checking for archiver @FILE support
configure:5728: gcc -c -ggdb3 -O0 -Wall -DDEBUG conftest.c >&5
configure:5728: $? = 0
configure:5731: ar cr libconftest.a @conftest.lst >&5
configure:5734: $? = 0
configure:5739: ar cr libconftest.a @conftest.lst >&5
ar: conftest.o: No such file or directory
configure:5742: $? = 1
configure:5741: result: @
configure:5799: checking for strip
configure:5815: found /usr/bin/strip
configure:5826: result: strip
configure:5898: checking for ranlib
configure:5914: found /usr/bin/ranlib
configure:5925: result: ranlib
configure:6027: checking command to parse /usr/bin/nm -B output from gcc object
configure:6180: gcc -c -ggdb3 -O0 -Wall -DDEBUG conftest.c >&5
configure:6183: $? = 0
configure:6187: /usr/bin/nm -B conftest.o \| sed -n -e 's/^.*[ ]\([ABCDGIRSTW][ABCDGIRSTW]*\)[ ][ ]*\([_A-Za-z][_A-Za-z0-9]*\)$/\1 \2 \2/p' | sed '/ __gnu_lto/d' \> conftest.nm
configure:6190: $? = 0
configure:6256: gcc -o conftest -ggdb3 -O0 -Wall -DDEBUG  conftest.c conftstm.o >&5
configure:6259: $? = 0
configure:6297: result: ok
configure:6344: checking for sysroot
configure:6374: result: no
configure:6381: checking for a working dd
configure:6419: result: /usr/bin/dd
configure:6423: checking how to truncate binary pipes
configure:6438: result: /usr/bin/dd bs=4096 count=1
configure:6574: gcc -c -ggdb3 -O0 -Wall -DDEBUG conftest.c >&5
configure:6577: $? = 0
configure:6767: checking for mt
configure:6797: result: no
configure:6817: checking if : is a manifest tool
configure:6823: : '-?'
configure:6831: result: no
configure:7508: checking how to run the C preprocessor
configure:7539: gcc -E -DDEBUG conftest.c
configure:7539: $? = 0
configure:7553: gcc -E -DDEBUG conftest.c
conftest.c:11:10: fatal error: ac_nonexistent.h: No such file or directory
   11 | #include <ac_nonexistent.h>
      |          ^~~~~~~~~~~~~~~~~~
compilation terminated.
configure:7553: $? = 1
configure: failed program was:
| /* confdefs.h */
| #define PACKAGE_NAME "id2"
| #define PACKAGE_TARNAME "id2"
| #define PACKAGE_VERSION "1.1"
| #define PACKAGE_STRING "id2 1.1"
| #define PACKAGE_BUGREPORT "chia_jason96@live.com"
| #define PACKAGE_URL ""
| #define PACKAGE "id2"
| #define VERSION "1.1"
| /* end confdefs.h.  */
| #include <ac_nonexistent.h>
configure:7578: result: gcc -E
configure:7598: gcc -E -DDEBUG conftest.c
configure:7598: $? = 0
configure:7612: gcc -E -DDEBUG conftest.c
conftest.c:11:10: fatal error: ac_nonexistent.h: No such file or directory
   11 | #include <ac_nonexistent.h>
      |          ^~~~~~~~~~~~~~~~~~
compilation terminated.
configure:7612: $? = 1
configure: failed program was:
| /* confdefs.h */
| #define PACKAGE_NAME "id2"
| #define PACKAGE_TARNAME "id2"
| #define PACKAGE_VERSION "1.1"
| #define PACKAGE_STRING "id2 1.1"
| #define PACKAGE_BUGREPORT "chia_jason96@live.com"
| #define PACKAGE_URL ""
| #define PACKAGE "id2"
| #define VERSION "1.1"
| /* end confdefs.h.  */
| #include <ac_nonexistent.h>
configure:7641: checking for ANSI C header files
configure:7661: gcc -c -ggdb3 -O0 -Wall -DDEBUG conftest.c >&5
configure:7661: $? = 0
configure:7734: gcc -o conftest -ggdb3 -O0 -Wall -DDEBUG  conftest.c  >&5
configure:7734: $? = 0
configure:7734: ./conftest
configure:7734: $? = 0
configure:7745: result: yes
configure:7758: checking for sys/types.h
configure:7758: gcc -c -ggdb3 -O0 -Wall -DDEBUG conftest.c >&5
configure:7758: $? = 0
configure:7758: result: yes
configure:7758: checking for sys/stat.h
configure:7758: gcc -c -ggdb3 -O0 -Wall -DDEBUG conftest.c >&5
configure:7758: $? = 0
configure:7758: result: yes
configure:7758: checking for stdlib.h
configure:7758: gcc -c -ggdb3 -O0 -Wall -DDEBUG conftest.c >&5
configure:7758: $? = 0
configure:7758: result: yes
configure:7758: checking for string.h
configure:7758: gcc -c -ggdb3 -O0 -Wall -DDEBUG conftest.c >&5
configure:7758: $? = 0
configure:7758: result: yes
configure:7758: checking for memory.h
configure:7758: gcc -c -ggdb3 -O0 -Wall -DDEBUG conftest.c >&5
configure:7758: $? = 0
configure:7758: result: yes
configure:7758: checking for strings.h
configure:7758: gcc -c -ggdb3 -O0 -Wall -DDEBUG conftest.c >&5
configure:7758: $? = 0
configure:7758: result: yes
configure:7758: checking for inttypes.h
configure:7758: gcc -c -ggdb3 -O0 -Wall -DDEBUG conftest.c >&5
configure:7758: $? = 0
configure:7758: result: yes
configure:7758: checking for stdint.h
configure:7758: gcc -c -ggdb3 -O0 -Wall -DDEBUG conftest.c >&5
configure:7758: $? = 0
configure:7758: result: yes
configure:7758: checking for unistd.h
configure:7758: gcc -c -ggdb3 -O0 -Wall -DDEBUG conftest.c >&5
configure:7758: $? = 0
configure:7758: result: yes
configure:7772: checking for dlfcn.h
configure:7772: gcc -c -ggdb3 -O0 -Wall -DDEBUG conftest.c >&5
configure:7772: $? = 0
configure:7772: result: yes
configure:8028: checking for objdir
configure:8043: result: .libs
configure:8307: checking if gcc supports -fno-rtti -fno-exceptions
configure:8325: gcc -c -ggdb3 -O0 -Wall -DDEBUG -fno-rtti -fno-exceptions conftest.c >&5
cc1: warning: command-line option '-fno-rtti' is valid for C++/D/ObjC++ but not for C
configure:8329: $? = 0
configure:8342: result: no
configure:8700: checking for gcc option to produce PIC
configure:8707: result: -fPIC -DPIC
configure:8715: checking if gcc PIC flag -fPIC -DPIC works
configure:8733: gcc -c -ggdb3 -O0 -Wall -DDEBUG -fPIC -DPIC -DPIC conftest.c >&5
configure:8737: $? = 0
configure:8750: result: yes
configure:8779: checking if gcc static flag -static works
configure:8807: result: yes
configure:8822: checking if gcc supports -c -o file.o
configure:8843: gcc -c -ggdb3 -O0 -Wall -DDEBUG -o out/conftest2.o conftest.c >&5
configure:8847: $? = 0
configure:8869: result: yes
configure:8877: checking if gcc supports -c -o file.o
configure:8924: result: yes
configure:8957: checking whether the gcc linker (/usr/bin/ld -m elf_x86_64) supports shared libraries
configure:10218: result: yes
configure:10255: checking whether -lc should be explicitly linked in
configure:10263: gcc -c -ggdb3 -O0 -Wall -DDEBUG conftest.c >&5
configure:10266: $? = 0
configure:10281: gcc -shared  -fPIC -DPIC conftest.o  -v -Wl,-soname -Wl,conftest -o conftest 2\>\&1 \| /usr/bin/grep  -lc  \>/dev/null 2\>\&1
configure:10284: $? = 0
configure:10298: result: no
configure:10458: checking dynamic linker characteristics
configure:11039: gcc -o conftest -ggdb3 -O0 -Wall -DDEBUG  -Wl,-rpath -Wl,/foo conftest.c  >&5
configure:11039: $? = 0
configure:11276: result: GNU/Linux ld.so
configure:11398: checking how to hardcode library paths into programs
configure:11423: result: immediate
configure:11971: checking whether stripping libraries is possible
configure:11980: result: yes
configure:12022: checking if libtool supports shared libraries
configure:12024: result: yes
configure:12027: checking whether to build shared libraries
configure:12052: result: yes
configure:12055: checking whether to build static libraries
configure:12059: result: yes
configure:8925: checking for gcc
configure:8952: result: gcc
configure:9181: checking for C compiler version
configure:9190: gcc --version >&5
gcc (GCC) 10.1.0
Copyright (C) 2020 Free Software Foundation, Inc.
This is free software; see the source for copying conditions.  There is NO
warranty; not even for MERCHANTABILITY or FITNESS FOR A PARTICULAR PURPOSE.

configure:9201: $? = 0
configure:9190: gcc -v >&5
Using built-in specs.
COLLECT_GCC=gcc
COLLECT_LTO_WRAPPER=/usr/lib/gcc/x86_64-pc-linux-gnu/10.1.0/lto-wrapper
Target: x86_64-pc-linux-gnu
Configured with: /build/gcc/src/gcc/configure --prefix=/usr --libdir=/usr/lib --libexecdir=/usr/lib --mandir=/usr/share/man --infodir=/usr/share/info --with-bugurl=https://bugs.archlinux.org/ --enable-languages=c,c++,ada,fortran,go,lto,objc,obj-c++,d --with-isl --with-linker-hash-style=gnu --with-system-zlib --enable-__cxa_atexit --enable-cet=auto --enable-checking=release --enable-clocale=gnu --enable-default-pie --enable-default-ssp --enable-gnu-indirect-function --enable-gnu-unique-object --enable-install-libiberty --enable-linker-build-id --enable-lto --enable-multilib --enable-plugin --enable-shared --enable-threads=posix --disable-libssp --disable-libstdcxx-pch --disable-libunwind-exceptions --disable-werror gdc_include_dir=/usr/include/dlang/gdc
Thread model: posix
Supported LTO compression algorithms: zlib zstd
gcc version 10.1.0 (GCC) 
configure:9201: $? = 0
configure:9190: gcc -V >&5
gcc: error: unrecognized command-line option '-V'
gcc: fatal error: no input files
compilation terminated.
configure:9201: $? = 1
configure:9190: gcc -qversion >&5
gcc: error: unrecognized command-line option '-qversion'; did you mean '--version'?
gcc: fatal error: no input files
compilation terminated.
configure:9201: $? = 1
configure:9205: checking whether we are using the GNU C compiler
configure:9233: result: yes
configure:9242: checking whether gcc accepts -g
configure:9303: result: yes
configure:9320: checking for gcc option to accept ISO C89
configure:9396: result: none needed
configure:9421: checking whether gcc understands -c and -o together
configure:9458: result: yes
configure:9477: checking dependency style of gcc
configure:9588: result: gcc3
configure:9661: checking for g++
configure:9677: found /usr/bin/g++
configure:9688: result: g++
configure:9715: checking for C++ compiler version
configure:9724: g++ --version >&5
g++ (GCC) 10.1.0
Copyright (C) 2020 Free Software Foundation, Inc.
This is free software; see the source for copying conditions.  There is NO
warranty; not even for MERCHANTABILITY or FITNESS FOR A PARTICULAR PURPOSE.

configure:9735: $? = 0
configure:9724: g++ -v >&5
Using built-in specs.
COLLECT_GCC=g++
COLLECT_LTO_WRAPPER=/usr/lib/gcc/x86_64-pc-linux-gnu/10.1.0/lto-wrapper
Target: x86_64-pc-linux-gnu
Configured with: /build/gcc/src/gcc/configure --prefix=/usr --libdir=/usr/lib --libexecdir=/usr/lib --mandir=/usr/share/man --infodir=/usr/share/info --with-bugurl=https://bugs.archlinux.org/ --enable-languages=c,c++,ada,fortran,go,lto,objc,obj-c++,d --with-isl --with-linker-hash-style=gnu --with-system-zlib --enable-__cxa_atexit --enable-cet=auto --enable-checking=release --enable-clocale=gnu --enable-default-pie --enable-default-ssp --enable-gnu-indirect-function --enable-gnu-unique-object --enable-install-libiberty --enable-linker-build-id --enable-lto --enable-multilib --enable-plugin --enable-shared --enable-threads=posix --disable-libssp --disable-libstdcxx-pch --disable-libunwind-exceptions --disable-werror gdc_include_dir=/usr/include/dlang/gdc
Thread model: posix
Supported LTO compression algorithms: zlib zstd
gcc version 10.1.0 (GCC) 
configure:9735: $? = 0
configure:9724: g++ -V >&5
g++: error: unrecognized command-line option '-V'
g++: fatal error: no input files
compilation terminated.
configure:9735: $? = 1
configure:9724: g++ -qversion >&5
g++: error: unrecognized command-line option '-qversion'; did you mean '--version'?
g++: fatal error: no input files
compilation terminated.
configure:9735: $? = 1
configure:9739: checking whether we are using the GNU C++ compiler
configure:9758: g++ -c -g -O0 -Wall -DDEBUG conftest.cpp >&5
configure:9758: $? = 0
configure:9767: result: yes
configure:9776: checking whether g++ accepts -g
configure:9796: g++ -c -g -DDEBUG conftest.cpp >&5
configure:9796: $? = 0
configure:9837: result: yes
configure:9862: checking dependency style of g++
configure:9973: result: gcc3
configure:10006: checking how to run the C++ preprocessor
configure:10033: g++ -E -DDEBUG conftest.cpp
configure:10033: $? = 0
configure:10047: g++ -E -DDEBUG conftest.cpp
conftest.cpp:23:10: fatal error: ac_nonexistent.h: No such file or directory
   23 | #include <ac_nonexistent.h>
      |          ^~~~~~~~~~~~~~~~~~
compilation terminated.
configure:10047: $? = 1
configure: failed program was:
| /* confdefs.h */
| #define PACKAGE_NAME "id2"
| #define PACKAGE_TARNAME "id2"
| #define PACKAGE_VERSION "1.1"
| #define PACKAGE_STRING "id2 1.1"
| #define PACKAGE_BUGREPORT "chia_jason96@live.com"
| #define PACKAGE_URL ""
| #define PACKAGE "id2"
| #define VERSION "1.1"
| #define STDC_HEADERS 1
| #define HAVE_SYS_TYPES_H 1
| #define HAVE_SYS_STAT_H 1
| #define HAVE_STDLIB_H 1
| #define HAVE_STRING_H 1
| #define HAVE_MEMORY_H 1
| #define HAVE_STRINGS_H 1
| #define HAVE_INTTYPES_H 1
| #define HAVE_STDINT_H 1
| #define HAVE_UNISTD_H 1
| #define HAVE_DLFCN_H 1
| #define LT_OBJDIR ".libs/"
| /* end confdefs.h.  */
| #include <ac_nonexistent.h>
configure:10072: result: g++ -E
configure:10092: g++ -E -DDEBUG conftest.cpp
configure:10092: $? = 0
configure:10106: g++ -E -DDEBUG conftest.cpp
conftest.cpp:23:10: fatal error: ac_nonexistent.h: No such file or directory
   23 | #include <ac_nonexistent.h>
      |          ^~~~~~~~~~~~~~~~~~
compilation terminated.
configure:10106: $? = 1
configure: failed program was:
| /* confdefs.h */
| #define PACKAGE_NAME "id2"
| #define PACKAGE_TARNAME "id2"
| #define PACKAGE_VERSION "1.1"
| #define PACKAGE_STRING "id2 1.1"
| #define PACKAGE_BUGREPORT "chia_jason96@live.com"
| #define PACKAGE_URL ""
| #define PACKAGE "id2"
| #define VERSION "1.1"
| #define STDC_HEADERS 1
| #define HAVE_SYS_TYPES_H 1
| #define HAVE_SYS_STAT_H 1
| #define HAVE_STDLIB_H 1
| #define HAVE_STRING_H 1
| #define HAVE_MEMORY_H 1
| #define HAVE_STRINGS_H 1
| #define HAVE_INTTYPES_H 1
| #define HAVE_STDINT_H 1
| #define HAVE_UNISTD_H 1
| #define HAVE_DLFCN_H 1
| #define LT_OBJDIR ".libs/"
| /* end confdefs.h.  */
| #include <ac_nonexistent.h>
configure:10268: checking for ld used by g++
configure:10335: result: /usr/bin/ld -m elf_x86_64
configure:10342: checking if the linker (/usr/bin/ld -m elf_x86_64) is GNU ld
configure:10357: result: yes
configure:10412: checking whether the g++ linker (/usr/bin/ld -m elf_x86_64) supports shared libraries
configure:11486: result: yes
configure:11522: g++ -c -g -O0 -Wall -DDEBUG conftest.cpp >&5
configure:11525: $? = 0
configure:12006: checking for g++ option to produce PIC
configure:12013: result: -fPIC -DPIC
configure:12021: checking if g++ PIC flag -fPIC -DPIC works
configure:12039: g++ -c -g -O0 -Wall -DDEBUG -fPIC -DPIC -DPIC conftest.cpp >&5
configure:12043: $? = 0
configure:12056: result: yes
configure:12079: checking if g++ static flag -static works
configure:12107: result: yes
configure:12119: checking if g++ supports -c -o file.o
configure:12140: g++ -c -g -O0 -Wall -DDEBUG -o out/conftest2.o conftest.cpp >&5
configure:12144: $? = 0
configure:12166: result: yes
configure:12171: checking if g++ supports -c -o file.o
configure:12218: result: yes
configure:12248: checking whether the g++ linker (/usr/bin/ld -m elf_x86_64) supports shared libraries
configure:12288: result: yes
configure:12429: checking dynamic linker characteristics
configure:13174: result: GNU/Linux ld.so
configure:13239: checking how to hardcode library paths into programs
configure:13264: result: immediate
configure:12269: checking that generated files are newer than configure
configure:12275: result: done
configure:12306: creating ./config.status

## ---------------- ##
## Cache variables. ##
## ---------------- ##

ac_cv_build=x86_64-pc-linux-gnu
ac_cv_c_compiler_gnu=yes
ac_cv_cxx_compiler_gnu=yes
ac_cv_env_CCC_set=
ac_cv_env_CCC_value=
ac_cv_env_CC_set=
ac_cv_env_CC_value=
ac_cv_env_CFLAGS_set=set
ac_cv_env_CFLAGS_value='-ggdb3 -O0 -Wall'
ac_cv_env_CPPFLAGS_set=set
ac_cv_env_CPPFLAGS_value=-DDEBUG
ac_cv_env_CPP_set=
ac_cv_env_CPP_value=
ac_cv_env_CXXCPP_set=
ac_cv_env_CXXCPP_value=
ac_cv_env_CXXFLAGS_set=set
ac_cv_env_CXXFLAGS_value='-g -O0 -Wall'
ac_cv_env_CXX_set=
ac_cv_env_CXX_value=
ac_cv_env_LDFLAGS_set=
ac_cv_env_LDFLAGS_value=
ac_cv_env_LIBS_set=
ac_cv_env_LIBS_value=
ac_cv_env_LT_SYS_LIBRARY_PATH_set=
ac_cv_env_LT_SYS_LIBRARY_PATH_value=
ac_cv_env_build_alias_set=
ac_cv_env_build_alias_value=
ac_cv_env_host_alias_set=
ac_cv_env_host_alias_value=
ac_cv_env_target_alias_set=
ac_cv_env_target_alias_value=
ac_cv_header_dlfcn_h=yes
ac_cv_header_inttypes_h=yes
ac_cv_header_memory_h=yes
ac_cv_header_stdc=yes
ac_cv_header_stdint_h=yes
ac_cv_header_stdlib_h=yes
ac_cv_header_string_h=yes
ac_cv_header_strings_h=yes
ac_cv_header_sys_stat_h=yes
ac_cv_header_sys_types_h=yes
ac_cv_header_unistd_h=yes
ac_cv_host=x86_64-pc-linux-gnu
ac_cv_objext=o
ac_cv_path_EGREP='/usr/bin/grep -E'
ac_cv_path_FGREP='/usr/bin/grep -F'
ac_cv_path_GREP=/usr/bin/grep
ac_cv_path_SED=/usr/bin/sed
ac_cv_path_install='/usr/bin/install -c'
ac_cv_path_lt_DD=/usr/bin/dd
ac_cv_path_mkdir=/usr/bin/mkdir
ac_cv_prog_AWK=gawk
ac_cv_prog_CPP='gcc -E'
ac_cv_prog_CXXCPP='g++ -E'
ac_cv_prog_ac_ct_AR=ar
ac_cv_prog_ac_ct_CC=gcc
ac_cv_prog_ac_ct_CXX=g++
ac_cv_prog_ac_ct_OBJDUMP=objdump
ac_cv_prog_ac_ct_RANLIB=ranlib
ac_cv_prog_ac_ct_STRIP=strip
ac_cv_prog_cc_c89=
ac_cv_prog_cc_g=yes
ac_cv_prog_cxx_g=yes
ac_cv_prog_make_make_set=yes
am_cv_CC_dependencies_compiler_type=gcc3
am_cv_CXX_dependencies_compiler_type=gcc3
am_cv_ar_interface=ar
am_cv_make_support_nested_variables=yes
am_cv_prog_cc_c_o=yes
lt_cv_ar_at_file=@
lt_cv_archive_cmds_need_lc=no
lt_cv_deplibs_check_method=pass_all
lt_cv_file_magic_cmd='$MAGIC_CMD'
lt_cv_file_magic_test_file=
lt_cv_ld_reload_flag=-r
lt_cv_nm_interface='BSD nm'
lt_cv_objdir=.libs
lt_cv_path_LD=/usr/bin/ld
lt_cv_path_LDCXX='/usr/bin/ld -m elf_x86_64'
lt_cv_path_NM='/usr/bin/nm -B'
lt_cv_path_mainfest_tool=no
lt_cv_prog_compiler_c_o=yes
lt_cv_prog_compiler_c_o_CXX=yes
lt_cv_prog_compiler_pic='-fPIC -DPIC'
lt_cv_prog_compiler_pic_CXX='-fPIC -DPIC'
lt_cv_prog_compiler_pic_works=yes
lt_cv_prog_compiler_pic_works_CXX=yes
lt_cv_prog_compiler_rtti_exceptions=no
lt_cv_prog_compiler_static_works=yes
lt_cv_prog_compiler_static_works_CXX=yes
lt_cv_prog_gnu_ld=yes
lt_cv_prog_gnu_ldcxx=yes
lt_cv_sharedlib_from_linklib_cmd='printf %s\n'
lt_cv_shlibpath_overrides_runpath=no
lt_cv_sys_global_symbol_pipe='sed -n -e '\''s/^.*[	 ]\([ABCDGIRSTW][ABCDGIRSTW]*\)[	 ][	 ]*\([_A-Za-z][_A-Za-z0-9]*\)$/\1 \2 \2/p'\'' | sed '\''/ __gnu_lto/d'\'''
lt_cv_sys_global_symbol_to_c_name_address='sed -n -e '\''s/^: \(.*\) .*$/  {"\1", (void *) 0},/p'\'' -e '\''s/^[ABCDGIRSTW][ABCDGIRSTW]* .* \(.*\)$/  {"\1", (void *) \&\1},/p'\'''
lt_cv_sys_global_symbol_to_c_name_address_lib_prefix='sed -n -e '\''s/^: \(.*\) .*$/  {"\1", (void *) 0},/p'\'' -e '\''s/^[ABCDGIRSTW][ABCDGIRSTW]* .* \(lib.*\)$/  {"\1", (void *) \&\1},/p'\'' -e '\''s/^[ABCDGIRSTW][ABCDGIRSTW]* .* \(.*\)$/  {"lib\1", (void *) \&\1},/p'\'''
lt_cv_sys_global_symbol_to_cdecl='sed -n -e '\''s/^T .* \(.*\)$/extern int \1();/p'\'' -e '\''s/^[ABCDGIRSTW][ABCDGIRSTW]* .* \(.*\)$/extern char \1;/p'\'''
lt_cv_sys_global_symbol_to_import=
lt_cv_sys_max_cmd_len=1572864
lt_cv_to_host_file_cmd=func_convert_file_noop
lt_cv_to_tool_file_cmd=func_convert_file_noop
lt_cv_truncate_bin='/usr/bin/dd bs=4096 count=1'

## ----------------- ##
## Output variables. ##
## ----------------- ##

ACLOCAL='${SHELL} /home/cjason/prodev/id2/missing aclocal-1.16'
AMDEPBACKSLASH='\'
AMDEP_FALSE='#'
AMDEP_TRUE=''
AMTAR='$${TAR-tar}'
AM_BACKSLASH='\'
AM_DEFAULT_V='$(AM_DEFAULT_VERBOSITY)'
AM_DEFAULT_VERBOSITY='1'
AM_V='$(V)'
AR='ar'
AUTOCONF='${SHELL} /home/cjason/prodev/id2/missing autoconf'
AUTOHEADER='${SHELL} /home/cjason/prodev/id2/missing autoheader'
AUTOMAKE='${SHELL} /home/cjason/prodev/id2/missing automake-1.16'
AWK='gawk'
CC='gcc'
CCDEPMODE='depmode=gcc3'
CFLAGS='-ggdb3 -O0 -Wall'
CPP='gcc -E'
CPPFLAGS='-DDEBUG'
CXX='g++'
CXXCPP='g++ -E'
CXXDEPMODE='depmode=gcc3'
CXXFLAGS='-g -O0 -Wall'
CYGPATH_W='echo'
DEFS='-DHAVE_CONFIG_H'
DEPDIR='.deps'
DLLTOOL='false'
DSYMUTIL=''
DUMPBIN=''
ECHO_C=''
ECHO_N='-n'
ECHO_T=''
EGREP='/usr/bin/grep -E'
EXEEXT=''
FGREP='/usr/bin/grep -F'
GREP='/usr/bin/grep'
INSTALL_DATA='${INSTALL} -m 644'
INSTALL_PROGRAM='${INSTALL}'
INSTALL_SCRIPT='${INSTALL}'
INSTALL_STRIP_PROGRAM='$(install_sh) -c -s'
LD='/usr/bin/ld -m elf_x86_64'
LDFLAGS=''
LIBOBJS=''
LIBS=''
LIBTOOL='$(SHELL) $(top_builddir)/libtool'
LIPO=''
LN_S='ln -s'
LTLIBOBJS=''
LT_SYS_LIBRARY_PATH=''
MAKEINFO='${SHELL} /home/cjason/prodev/id2/missing makeinfo'
MANIFEST_TOOL=':'
MKDIR_P='/usr/bin/mkdir -p'
NM='/usr/bin/nm -B'
NMEDIT=''
OBJDUMP='objdump'
OBJEXT='o'
OTOOL64=''
OTOOL=''
PACKAGE='id2'
PACKAGE_BUGREPORT='chia_jason96@live.com'
PACKAGE_NAME='id2'
PACKAGE_STRING='id2 1.1'
PACKAGE_TARNAME='id2'
PACKAGE_URL=''
PACKAGE_VERSION='1.1'
PATH_SEPARATOR=':'
RANLIB='ranlib'
SED='/usr/bin/sed'
SET_MAKE=''
SHELL='/bin/sh'
STRIP='strip'
VERSION='1.1'
ac_ct_AR='ar'
ac_ct_CC='gcc'
ac_ct_CXX='g++'
ac_ct_DUMPBIN=''
am__EXEEXT_FALSE=''
am__EXEEXT_TRUE='#'
am__fastdepCC_FALSE='#'
am__fastdepCC_TRUE=''
am__fastdepCXX_FALSE='#'
am__fastdepCXX_TRUE=''
am__include='include'
am__isrc=' -I$(srcdir)'
am__leading_dot='.'
am__nodep='_no'
am__quote=''
am__tar='$${TAR-tar} chof - "$$tardir"'
am__untar='$${TAR-tar} xf -'
bindir='${exec_prefix}/bin'
build='x86_64-pc-linux-gnu'
build_alias=''
build_cpu='x86_64'
build_os='linux-gnu'
build_vendor='pc'
datadir='${datarootdir}'
datarootdir='${prefix}/share'
docdir='${datarootdir}/doc/${PACKAGE_TARNAME}'
dvidir='${docdir}'
exec_prefix='${prefix}'
host='x86_64-pc-linux-gnu'
host_alias=''
host_cpu='x86_64'
host_os='linux-gnu'
host_vendor='pc'
htmldir='${docdir}'
includedir='${prefix}/include'
infodir='${datarootdir}/info'
install_sh='${SHELL} /home/cjason/prodev/id2/install-sh'
libdir='${exec_prefix}/lib'
libexecdir='${exec_prefix}/libexec'
localedir='${datarootdir}/locale'
localstatedir='${prefix}/var'
mandir='${datarootdir}/man'
mkdir_p='$(MKDIR_P)'
oldincludedir='/usr/include'
pdfdir='${docdir}'
prefix='/usr/local'
program_transform_name='s,x,x,'
psdir='${docdir}'
sbindir='${exec_prefix}/sbin'
sharedstatedir='${prefix}/com'
sysconfdir='${prefix}/etc'
target_alias=''

## ----------- ##
## confdefs.h. ##
## ----------- ##

/* confdefs.h */
#define PACKAGE_NAME "id2"
#define PACKAGE_TARNAME "id2"
#define PACKAGE_VERSION "1.1"
#define PACKAGE_STRING "id2 1.1"
#define PACKAGE_BUGREPORT "chia_jason96@live.com"
#define PACKAGE_URL ""
#define PACKAGE "id2"
#define VERSION "1.1"
#define STDC_HEADERS 1
#define HAVE_SYS_TYPES_H 1
#define HAVE_SYS_STAT_H 1
#define HAVE_STDLIB_H 1
#define HAVE_STRING_H 1
#define HAVE_MEMORY_H 1
#define HAVE_STRINGS_H 1
#define HAVE_INTTYPES_H 1
#define HAVE_STDINT_H 1
#define HAVE_UNISTD_H 1
#define HAVE_DLFCN_H 1
#define LT_OBJDIR ".libs/"
#define EWLOG 1

configure: exit 0

## ---------------------- ##
## Running config.status. ##
## ---------------------- ##

This file was extended by id2 config.status 1.1, which was
generated by GNU Autoconf 2.69.  Invocation command line was

  CONFIG_FILES    = 
  CONFIG_HEADERS  = 
  CONFIG_LINKS    = 
  CONFIG_COMMANDS = 
  $ ./config.status 

on cj-basepc

config.status:1145: creating makefile
config.status:1145: creating src/makefile
config.status:1145: creating config.h
config.status:1311: config.h is unchanged
config.status:1359: executing depfiles commands
config.status:1436: cd src       && sed -e '/# am--include-marker/d' makefile         | make -f - am--depfiles
make[1]: Entering directory '/home/cjason/prodev/id2/debug/src'
make[1]: Nothing to be done for 'am--depfiles'.
make[1]: Leaving directory '/home/cjason/prodev/id2/debug/src'
config.status:1441: $? = 0
config.status:1359: executing libtool commands

## ---------------------- ##
## Running config.status. ##
## ---------------------- ##

This file was extended by id2 config.status 1.1, which was
generated by GNU Autoconf 2.69.  Invocation command line was

  CONFIG_FILES    = 
  CONFIG_HEADERS  = 
  CONFIG_LINKS    = 
  CONFIG_COMMANDS = 
  $ ./config.status config.h

on cj-basepc

config.status:1145: creating config.h
config.status:1311: config.h is unchanged
